[0.396s] DEBUG:colcon:Command line arguments: ['/usr/bin/colcon', 'build', '--symlink-install']
[0.396s] DEBUG:colcon:Parsed command line arguments: Namespace(log_base=None, log_level=None, verb_name='build', build_base='build', install_base='install', merge_install=False, symlink_install=True, test_result_base=None, continue_on_error=False, executor='parallel', parallel_workers=8, event_handlers=None, ignore_user_meta=False, metas=['./colcon.meta'], base_paths=['.'], packages_ignore=None, packages_ignore_regex=None, paths=None, packages_up_to=None, packages_up_to_regex=None, packages_above=None, packages_above_and_dependencies=None, packages_above_depth=None, packages_select_by_dep=None, packages_skip_by_dep=None, packages_skip_up_to=None, packages_select_build_failed=False, packages_skip_build_finished=False, packages_select_test_failures=False, packages_skip_test_passed=False, packages_select=None, packages_skip=None, packages_select_regex=None, packages_skip_regex=None, packages_start=None, packages_end=None, allow_overriding=[], cmake_args=None, cmake_target=None, cmake_target_skip_unavailable=False, cmake_clean_cache=False, cmake_clean_first=False, cmake_force_configure=False, ament_cmake_args=None, catkin_cmake_args=None, catkin_skip_building_tests=False, mixin_files=None, mixin=None, verb_parser=<colcon_mixin.mixin.mixin_argument.MixinArgumentDecorator object at 0x75996acca7b0>, verb_extension=<colcon_core.verb.build.BuildVerb object at 0x75996ac406b0>, main=<bound method BuildVerb.main of <colcon_core.verb.build.BuildVerb object at 0x75996ac406b0>>, mixin_verb=('build',))
[0.488s] Level 1:colcon.colcon_core.package_discovery:discover_packages(colcon_meta) check parameters
[0.488s] Level 1:colcon.colcon_core.package_discovery:discover_packages(recursive) check parameters
[0.488s] Level 1:colcon.colcon_core.package_discovery:discover_packages(ignore) check parameters
[0.488s] Level 1:colcon.colcon_core.package_discovery:discover_packages(path) check parameters
[0.488s] Level 1:colcon.colcon_core.package_discovery:discover_packages(colcon_meta) discover
[0.489s] Level 1:colcon.colcon_core.package_discovery:discover_packages(recursive) discover
[0.489s] INFO:colcon.colcon_core.package_discovery:Crawling recursively for packages in '/home/rubenb/uni/5_ano/1cuatri/sistemas_distribuidos/practicas/p4/Ruben_Bautista/ros_ws'
[0.489s] Level 1:colcon.colcon_core.package_identification:_identify(.) by extensions ['ignore', 'ignore_ament_install']
[0.489s] Level 1:colcon.colcon_core.package_identification:_identify(.) by extension 'ignore'
[0.489s] Level 1:colcon.colcon_core.package_identification:_identify(.) by extension 'ignore_ament_install'
[0.489s] Level 1:colcon.colcon_core.package_identification:_identify(.) by extensions ['colcon_pkg']
[0.489s] Level 1:colcon.colcon_core.package_identification:_identify(.) by extension 'colcon_pkg'
[0.489s] Level 1:colcon.colcon_core.package_identification:_identify(.) by extensions ['colcon_meta']
[0.490s] Level 1:colcon.colcon_core.package_identification:_identify(.) by extension 'colcon_meta'
[0.490s] Level 1:colcon.colcon_core.package_identification:_identify(.) by extensions ['ros']
[0.490s] Level 1:colcon.colcon_core.package_identification:_identify(.) by extension 'ros'
[0.546s] Level 1:colcon.colcon_core.package_identification:_identify(.) by extensions ['cmake', 'python']
[0.547s] Level 1:colcon.colcon_core.package_identification:_identify(.) by extension 'cmake'
[0.547s] Level 1:colcon.colcon_core.package_identification:_identify(.) by extension 'python'
[0.547s] Level 1:colcon.colcon_core.package_identification:_identify(.) by extensions ['python_setup_py']
[0.547s] Level 1:colcon.colcon_core.package_identification:_identify(.) by extension 'python_setup_py'
[0.547s] Level 1:colcon.colcon_core.package_identification:_identify(build) by extensions ['ignore', 'ignore_ament_install']
[0.547s] Level 1:colcon.colcon_core.package_identification:_identify(build) by extension 'ignore'
[0.547s] Level 1:colcon.colcon_core.package_identification:_identify(build) ignored
[0.547s] Level 1:colcon.colcon_core.package_identification:_identify(install) by extensions ['ignore', 'ignore_ament_install']
[0.548s] Level 1:colcon.colcon_core.package_identification:_identify(install) by extension 'ignore'
[0.548s] Level 1:colcon.colcon_core.package_identification:_identify(install) ignored
[0.548s] Level 1:colcon.colcon_core.package_identification:_identify(log) by extensions ['ignore', 'ignore_ament_install']
[0.548s] Level 1:colcon.colcon_core.package_identification:_identify(log) by extension 'ignore'
[0.548s] Level 1:colcon.colcon_core.package_identification:_identify(log) ignored
[0.548s] Level 1:colcon.colcon_core.package_identification:_identify(src) by extensions ['ignore', 'ignore_ament_install']
[0.548s] Level 1:colcon.colcon_core.package_identification:_identify(src) by extension 'ignore'
[0.549s] Level 1:colcon.colcon_core.package_identification:_identify(src) by extension 'ignore_ament_install'
[0.549s] Level 1:colcon.colcon_core.package_identification:_identify(src) by extensions ['colcon_pkg']
[0.549s] Level 1:colcon.colcon_core.package_identification:_identify(src) by extension 'colcon_pkg'
[0.549s] Level 1:colcon.colcon_core.package_identification:_identify(src) by extensions ['colcon_meta']
[0.549s] Level 1:colcon.colcon_core.package_identification:_identify(src) by extension 'colcon_meta'
[0.549s] Level 1:colcon.colcon_core.package_identification:_identify(src) by extensions ['ros']
[0.549s] Level 1:colcon.colcon_core.package_identification:_identify(src) by extension 'ros'
[0.549s] Level 1:colcon.colcon_core.package_identification:_identify(src) by extensions ['cmake', 'python']
[0.549s] Level 1:colcon.colcon_core.package_identification:_identify(src) by extension 'cmake'
[0.549s] Level 1:colcon.colcon_core.package_identification:_identify(src) by extension 'python'
[0.549s] Level 1:colcon.colcon_core.package_identification:_identify(src) by extensions ['python_setup_py']
[0.549s] Level 1:colcon.colcon_core.package_identification:_identify(src) by extension 'python_setup_py'
[0.550s] Level 1:colcon.colcon_core.package_identification:_identify(src/sdc_p4) by extensions ['ignore', 'ignore_ament_install']
[0.550s] Level 1:colcon.colcon_core.package_identification:_identify(src/sdc_p4) by extension 'ignore'
[0.550s] Level 1:colcon.colcon_core.package_identification:_identify(src/sdc_p4) by extension 'ignore_ament_install'
[0.550s] Level 1:colcon.colcon_core.package_identification:_identify(src/sdc_p4) by extensions ['colcon_pkg']
[0.550s] Level 1:colcon.colcon_core.package_identification:_identify(src/sdc_p4) by extension 'colcon_pkg'
[0.550s] Level 1:colcon.colcon_core.package_identification:_identify(src/sdc_p4) by extensions ['colcon_meta']
[0.550s] Level 1:colcon.colcon_core.package_identification:_identify(src/sdc_p4) by extension 'colcon_meta'
[0.550s] Level 1:colcon.colcon_core.package_identification:_identify(src/sdc_p4) by extensions ['ros']
[0.550s] Level 1:colcon.colcon_core.package_identification:_identify(src/sdc_p4) by extension 'ros'
[0.557s] DEBUG:colcon.colcon_core.package_identification:Package 'src/sdc_p4' with type 'ros.ament_cmake' and name 'sdc_p4'
[0.557s] Level 1:colcon.colcon_core.package_discovery:discover_packages(recursive) using defaults
[0.557s] Level 1:colcon.colcon_core.package_discovery:discover_packages(ignore) discover
[0.557s] Level 1:colcon.colcon_core.package_discovery:discover_packages(ignore) using defaults
[0.557s] Level 1:colcon.colcon_core.package_discovery:discover_packages(path) discover
[0.557s] Level 1:colcon.colcon_core.package_discovery:discover_packages(path) using defaults
[0.601s] Level 1:colcon.colcon_core.package_discovery:discover_packages(prefix_path) check parameters
[0.601s] Level 1:colcon.colcon_core.package_discovery:discover_packages(prefix_path) discover
[0.609s] DEBUG:colcon.colcon_installed_package_information.package_discovery:Found 1 installed packages in /home/rubenb/uni/5_ano/1cuatri/sistemas_distribuidos/practicas/p4/Ruben_Bautista/ros_ws/install
[0.612s] DEBUG:colcon.colcon_installed_package_information.package_discovery:Found 349 installed packages in /opt/ros/rolling
[0.614s] Level 1:colcon.colcon_core.package_discovery:discover_packages(prefix_path) using defaults
[0.725s] Level 5:colcon.colcon_core.verb:set package 'sdc_p4' build argument 'cmake_args' from command line to 'None'
[0.725s] Level 5:colcon.colcon_core.verb:set package 'sdc_p4' build argument 'cmake_target' from command line to 'None'
[0.725s] Level 5:colcon.colcon_core.verb:set package 'sdc_p4' build argument 'cmake_target_skip_unavailable' from command line to 'False'
[0.725s] Level 5:colcon.colcon_core.verb:set package 'sdc_p4' build argument 'cmake_clean_cache' from command line to 'False'
[0.725s] Level 5:colcon.colcon_core.verb:set package 'sdc_p4' build argument 'cmake_clean_first' from command line to 'False'
[0.725s] Level 5:colcon.colcon_core.verb:set package 'sdc_p4' build argument 'cmake_force_configure' from command line to 'False'
[0.725s] Level 5:colcon.colcon_core.verb:set package 'sdc_p4' build argument 'ament_cmake_args' from command line to 'None'
[0.725s] Level 5:colcon.colcon_core.verb:set package 'sdc_p4' build argument 'catkin_cmake_args' from command line to 'None'
[0.725s] Level 5:colcon.colcon_core.verb:set package 'sdc_p4' build argument 'catkin_skip_building_tests' from command line to 'False'
[0.725s] DEBUG:colcon.colcon_core.verb:Building package 'sdc_p4' with the following arguments: {'ament_cmake_args': None, 'build_base': '/home/rubenb/uni/5_ano/1cuatri/sistemas_distribuidos/practicas/p4/Ruben_Bautista/ros_ws/build/sdc_p4', 'catkin_cmake_args': None, 'catkin_skip_building_tests': False, 'cmake_args': None, 'cmake_clean_cache': False, 'cmake_clean_first': False, 'cmake_force_configure': False, 'cmake_target': None, 'cmake_target_skip_unavailable': False, 'install_base': '/home/rubenb/uni/5_ano/1cuatri/sistemas_distribuidos/practicas/p4/Ruben_Bautista/ros_ws/install/sdc_p4', 'merge_install': False, 'path': '/home/rubenb/uni/5_ano/1cuatri/sistemas_distribuidos/practicas/p4/Ruben_Bautista/ros_ws/src/sdc_p4', 'symlink_install': True, 'test_result_base': None}
[0.725s] INFO:colcon.colcon_core.executor:Executing jobs using 'parallel' executor
[0.727s] DEBUG:colcon.colcon_parallel_executor.executor.parallel:run_until_complete
[0.727s] INFO:colcon.colcon_ros.task.ament_cmake.build:Building ROS package in '/home/rubenb/uni/5_ano/1cuatri/sistemas_distribuidos/practicas/p4/Ruben_Bautista/ros_ws/src/sdc_p4' with build type 'ament_cmake'
[0.728s] INFO:colcon.colcon_cmake.task.cmake.build:Building CMake package in '/home/rubenb/uni/5_ano/1cuatri/sistemas_distribuidos/practicas/p4/Ruben_Bautista/ros_ws/src/sdc_p4'
[0.742s] INFO:colcon.colcon_core.plugin_system:Skipping extension 'colcon_core.shell.bat': Not used on non-Windows systems
[0.742s] INFO:colcon.colcon_core.shell:Skip shell extension 'powershell' for command environment: Not usable outside of PowerShell
[0.743s] DEBUG:colcon.colcon_core.shell:Skip shell extension 'dsv' for command environment
[0.764s] DEBUG:colcon.colcon_core.event_handler.log_command:Invoking command in '/home/rubenb/uni/5_ano/1cuatri/sistemas_distribuidos/practicas/p4/Ruben_Bautista/ros_ws/build/sdc_p4': CMAKE_PREFIX_PATH=${CMAKE_PREFIX_PATH}:/opt/ros/rolling DEBUGINFOD_URLS=https://debuginfod.ubuntu.com /usr/bin/cmake --build /home/rubenb/uni/5_ano/1cuatri/sistemas_distribuidos/practicas/p4/Ruben_Bautista/ros_ws/build/sdc_p4 -- -j8 -l8
[11.613s] DEBUG:colcon.colcon_core.event_handler.log_command:Invoked command in '/home/rubenb/uni/5_ano/1cuatri/sistemas_distribuidos/practicas/p4/Ruben_Bautista/ros_ws/build/sdc_p4' returned '2': CMAKE_PREFIX_PATH=${CMAKE_PREFIX_PATH}:/opt/ros/rolling DEBUGINFOD_URLS=https://debuginfod.ubuntu.com /usr/bin/cmake --build /home/rubenb/uni/5_ano/1cuatri/sistemas_distribuidos/practicas/p4/Ruben_Bautista/ros_ws/build/sdc_p4 -- -j8 -l8
[11.614s] Level 1:colcon.colcon_core.environment:create_environment_scripts_only(sdc_p4)
[11.624s] Level 1:colcon.colcon_core.environment:checking '/home/rubenb/uni/5_ano/1cuatri/sistemas_distribuidos/practicas/p4/Ruben_Bautista/ros_ws/install/sdc_p4' for CMake module files
[11.625s] Level 1:colcon.colcon_core.environment:checking '/home/rubenb/uni/5_ano/1cuatri/sistemas_distribuidos/practicas/p4/Ruben_Bautista/ros_ws/install/sdc_p4' for CMake config files
[11.626s] Level 1:colcon.colcon_core.shell:create_environment_hook('sdc_p4', 'cmake_prefix_path')
[11.626s] INFO:colcon.colcon_core.shell:Creating environment hook '/home/rubenb/uni/5_ano/1cuatri/sistemas_distribuidos/practicas/p4/Ruben_Bautista/ros_ws/install/sdc_p4/share/sdc_p4/hook/cmake_prefix_path.ps1'
[11.627s] INFO:colcon.colcon_core.shell:Creating environment descriptor '/home/rubenb/uni/5_ano/1cuatri/sistemas_distribuidos/practicas/p4/Ruben_Bautista/ros_ws/install/sdc_p4/share/sdc_p4/hook/cmake_prefix_path.dsv'
[11.628s] INFO:colcon.colcon_core.shell:Creating environment hook '/home/rubenb/uni/5_ano/1cuatri/sistemas_distribuidos/practicas/p4/Ruben_Bautista/ros_ws/install/sdc_p4/share/sdc_p4/hook/cmake_prefix_path.sh'
[11.629s] Level 1:colcon.colcon_core.environment:checking '/home/rubenb/uni/5_ano/1cuatri/sistemas_distribuidos/practicas/p4/Ruben_Bautista/ros_ws/install/sdc_p4/lib'
[11.630s] Level 1:colcon.colcon_core.environment:checking '/home/rubenb/uni/5_ano/1cuatri/sistemas_distribuidos/practicas/p4/Ruben_Bautista/ros_ws/install/sdc_p4/bin'
[11.630s] Level 1:colcon.colcon_core.environment:checking '/home/rubenb/uni/5_ano/1cuatri/sistemas_distribuidos/practicas/p4/Ruben_Bautista/ros_ws/install/sdc_p4/lib/pkgconfig/sdc_p4.pc'
[11.630s] Level 1:colcon.colcon_core.environment:checking '/home/rubenb/uni/5_ano/1cuatri/sistemas_distribuidos/practicas/p4/Ruben_Bautista/ros_ws/install/sdc_p4/lib/python3.12/site-packages'
[11.631s] Level 1:colcon.colcon_core.environment:checking '/home/rubenb/uni/5_ano/1cuatri/sistemas_distribuidos/practicas/p4/Ruben_Bautista/ros_ws/install/sdc_p4/bin'
[11.631s] INFO:colcon.colcon_core.shell:Creating package script '/home/rubenb/uni/5_ano/1cuatri/sistemas_distribuidos/practicas/p4/Ruben_Bautista/ros_ws/install/sdc_p4/share/sdc_p4/package.ps1'
[11.632s] INFO:colcon.colcon_core.shell:Creating package descriptor '/home/rubenb/uni/5_ano/1cuatri/sistemas_distribuidos/practicas/p4/Ruben_Bautista/ros_ws/install/sdc_p4/share/sdc_p4/package.dsv'
[11.633s] INFO:colcon.colcon_core.shell:Creating package script '/home/rubenb/uni/5_ano/1cuatri/sistemas_distribuidos/practicas/p4/Ruben_Bautista/ros_ws/install/sdc_p4/share/sdc_p4/package.sh'
[11.634s] INFO:colcon.colcon_core.shell:Creating package script '/home/rubenb/uni/5_ano/1cuatri/sistemas_distribuidos/practicas/p4/Ruben_Bautista/ros_ws/install/sdc_p4/share/sdc_p4/package.bash'
[11.636s] INFO:colcon.colcon_core.shell:Creating package script '/home/rubenb/uni/5_ano/1cuatri/sistemas_distribuidos/practicas/p4/Ruben_Bautista/ros_ws/install/sdc_p4/share/sdc_p4/package.zsh'
[11.637s] Level 1:colcon.colcon_core.environment:create_file_with_runtime_dependencies(/home/rubenb/uni/5_ano/1cuatri/sistemas_distribuidos/practicas/p4/Ruben_Bautista/ros_ws/install/sdc_p4/share/colcon-core/packages/sdc_p4)
[11.647s] DEBUG:colcon.colcon_parallel_executor.executor.parallel:closing loop
[11.648s] DEBUG:colcon.colcon_parallel_executor.executor.parallel:loop closed
[11.648s] DEBUG:colcon.colcon_parallel_executor.executor.parallel:run_until_complete finished with '2'
[11.648s] DEBUG:colcon.colcon_core.event_reactor:joining thread
[11.665s] INFO:colcon.colcon_core.plugin_system:Skipping extension 'colcon_notification.desktop_notification.terminal_notifier': Not used on non-Darwin systems
[11.665s] INFO:colcon.colcon_core.plugin_system:Skipping extension 'colcon_notification.desktop_notification.win32': Not used on non-Windows systems
[11.665s] INFO:colcon.colcon_notification.desktop_notification:Sending desktop notification using 'notify2'
[11.689s] DEBUG:colcon.colcon_core.event_reactor:joined thread
[11.689s] INFO:colcon.colcon_core.shell:Creating prefix script '/home/rubenb/uni/5_ano/1cuatri/sistemas_distribuidos/practicas/p4/Ruben_Bautista/ros_ws/install/local_setup.ps1'
[11.691s] INFO:colcon.colcon_core.shell:Creating prefix util module '/home/rubenb/uni/5_ano/1cuatri/sistemas_distribuidos/practicas/p4/Ruben_Bautista/ros_ws/install/_local_setup_util_ps1.py'
[11.693s] INFO:colcon.colcon_core.shell:Creating prefix chain script '/home/rubenb/uni/5_ano/1cuatri/sistemas_distribuidos/practicas/p4/Ruben_Bautista/ros_ws/install/setup.ps1'
[11.695s] INFO:colcon.colcon_core.shell:Creating prefix script '/home/rubenb/uni/5_ano/1cuatri/sistemas_distribuidos/practicas/p4/Ruben_Bautista/ros_ws/install/local_setup.sh'
[11.696s] INFO:colcon.colcon_core.shell:Creating prefix util module '/home/rubenb/uni/5_ano/1cuatri/sistemas_distribuidos/practicas/p4/Ruben_Bautista/ros_ws/install/_local_setup_util_sh.py'
[11.697s] INFO:colcon.colcon_core.shell:Creating prefix chain script '/home/rubenb/uni/5_ano/1cuatri/sistemas_distribuidos/practicas/p4/Ruben_Bautista/ros_ws/install/setup.sh'
[11.699s] INFO:colcon.colcon_core.shell:Creating prefix script '/home/rubenb/uni/5_ano/1cuatri/sistemas_distribuidos/practicas/p4/Ruben_Bautista/ros_ws/install/local_setup.bash'
[11.700s] INFO:colcon.colcon_core.shell:Creating prefix chain script '/home/rubenb/uni/5_ano/1cuatri/sistemas_distribuidos/practicas/p4/Ruben_Bautista/ros_ws/install/setup.bash'
[11.701s] INFO:colcon.colcon_core.shell:Creating prefix script '/home/rubenb/uni/5_ano/1cuatri/sistemas_distribuidos/practicas/p4/Ruben_Bautista/ros_ws/install/local_setup.zsh'
[11.702s] INFO:colcon.colcon_core.shell:Creating prefix chain script '/home/rubenb/uni/5_ano/1cuatri/sistemas_distribuidos/practicas/p4/Ruben_Bautista/ros_ws/install/setup.zsh'
