[0.031s] Invoking command in '/home/rubenb/uni/5_ano/1cuatri/sistemas_distribuidos/practicas/p4/Ruben_Bautista/ros_ws/build/sdc_p4': CMAKE_PREFIX_PATH=${CMAKE_PREFIX_PATH}:/opt/ros/rolling DEBUGINFOD_URLS=https://debuginfod.ubuntu.com /usr/bin/cmake --build /home/rubenb/uni/5_ano/1cuatri/sistemas_distribuidos/practicas/p4/Ruben_Bautista/ros_ws/build/sdc_p4 -- -j8 -l8
[0.166s] [ 50%] [32mBuilding CXX object CMakeFiles/bully.dir/src/bully.cpp.o[0m
[20.962s] [100%] [32m[1mLinking CXX executable bully[0m
[22.796s] [100%] Built target bully
[22.818s] Invoked command in '/home/rubenb/uni/5_ano/1cuatri/sistemas_distribuidos/practicas/p4/Ruben_Bautista/ros_ws/build/sdc_p4' returned '0': CMAKE_PREFIX_PATH=${CMAKE_PREFIX_PATH}:/opt/ros/rolling DEBUGINFOD_URLS=https://debuginfod.ubuntu.com /usr/bin/cmake --build /home/rubenb/uni/5_ano/1cuatri/sistemas_distribuidos/practicas/p4/Ruben_Bautista/ros_ws/build/sdc_p4 -- -j8 -l8
[22.838s] Invoking command in '/home/rubenb/uni/5_ano/1cuatri/sistemas_distribuidos/practicas/p4/Ruben_Bautista/ros_ws/build/sdc_p4': CMAKE_PREFIX_PATH=${CMAKE_PREFIX_PATH}:/opt/ros/rolling DEBUGINFOD_URLS=https://debuginfod.ubuntu.com /usr/bin/cmake --install /home/rubenb/uni/5_ano/1cuatri/sistemas_distribuidos/practicas/p4/Ruben_Bautista/ros_ws/build/sdc_p4
[22.853s] -- Install configuration: ""
[22.854s] -- Execute custom install script
[22.855s] -- Up-to-date symlink: /home/rubenb/uni/5_ano/1cuatri/sistemas_distribuidos/practicas/p4/Ruben_Bautista/ros_ws/install/sdc_p4/lib/sdc_p4/bully
[22.855s] -- Up-to-date symlink: /home/rubenb/uni/5_ano/1cuatri/sistemas_distribuidos/practicas/p4/Ruben_Bautista/ros_ws/install/sdc_p4/include//sdc_p4/bully.hpp
[22.856s] -- Up-to-date symlink: /home/rubenb/uni/5_ano/1cuatri/sistemas_distribuidos/practicas/p4/Ruben_Bautista/ros_ws/install/sdc_p4/share/sdc_p4/environment/library_path.sh
[22.856s] -- Up-to-date symlink: /home/rubenb/uni/5_ano/1cuatri/sistemas_distribuidos/practicas/p4/Ruben_Bautista/ros_ws/install/sdc_p4/share/sdc_p4/environment/library_path.dsv
[22.857s] -- Up-to-date symlink: /home/rubenb/uni/5_ano/1cuatri/sistemas_distribuidos/practicas/p4/Ruben_Bautista/ros_ws/install/sdc_p4/share/ament_index/resource_index/package_run_dependencies/sdc_p4
[22.857s] -- Up-to-date symlink: /home/rubenb/uni/5_ano/1cuatri/sistemas_distribuidos/practicas/p4/Ruben_Bautista/ros_ws/install/sdc_p4/share/ament_index/resource_index/parent_prefix_path/sdc_p4
[22.858s] -- Up-to-date symlink: /home/rubenb/uni/5_ano/1cuatri/sistemas_distribuidos/practicas/p4/Ruben_Bautista/ros_ws/install/sdc_p4/share/sdc_p4/environment/ament_prefix_path.sh
[22.858s] -- Up-to-date symlink: /home/rubenb/uni/5_ano/1cuatri/sistemas_distribuidos/practicas/p4/Ruben_Bautista/ros_ws/install/sdc_p4/share/sdc_p4/environment/ament_prefix_path.dsv
[22.859s] -- Up-to-date symlink: /home/rubenb/uni/5_ano/1cuatri/sistemas_distribuidos/practicas/p4/Ruben_Bautista/ros_ws/install/sdc_p4/share/sdc_p4/environment/path.sh
[22.859s] -- Up-to-date symlink: /home/rubenb/uni/5_ano/1cuatri/sistemas_distribuidos/practicas/p4/Ruben_Bautista/ros_ws/install/sdc_p4/share/sdc_p4/environment/path.dsv
[22.859s] -- Up-to-date symlink: /home/rubenb/uni/5_ano/1cuatri/sistemas_distribuidos/practicas/p4/Ruben_Bautista/ros_ws/install/sdc_p4/share/sdc_p4/local_setup.bash
[22.860s] -- Up-to-date symlink: /home/rubenb/uni/5_ano/1cuatri/sistemas_distribuidos/practicas/p4/Ruben_Bautista/ros_ws/install/sdc_p4/share/sdc_p4/local_setup.sh
[22.861s] -- Up-to-date symlink: /home/rubenb/uni/5_ano/1cuatri/sistemas_distribuidos/practicas/p4/Ruben_Bautista/ros_ws/install/sdc_p4/share/sdc_p4/local_setup.zsh
[22.861s] -- Up-to-date symlink: /home/rubenb/uni/5_ano/1cuatri/sistemas_distribuidos/practicas/p4/Ruben_Bautista/ros_ws/install/sdc_p4/share/sdc_p4/local_setup.dsv
[22.861s] -- Symlinking: /home/rubenb/uni/5_ano/1cuatri/sistemas_distribuidos/practicas/p4/Ruben_Bautista/ros_ws/install/sdc_p4/share/sdc_p4/package.dsv
[22.879s] -- Up-to-date symlink: /home/rubenb/uni/5_ano/1cuatri/sistemas_distribuidos/practicas/p4/Ruben_Bautista/ros_ws/install/sdc_p4/share/ament_index/resource_index/packages/sdc_p4
[22.879s] -- Up-to-date symlink: /home/rubenb/uni/5_ano/1cuatri/sistemas_distribuidos/practicas/p4/Ruben_Bautista/ros_ws/install/sdc_p4/share/sdc_p4/cmake/ament_cmake_export_dependencies-extras.cmake
[22.880s] -- Up-to-date symlink: /home/rubenb/uni/5_ano/1cuatri/sistemas_distribuidos/practicas/p4/Ruben_Bautista/ros_ws/install/sdc_p4/share/sdc_p4/cmake/ament_cmake_export_include_directories-extras.cmake
[22.880s] -- Up-to-date symlink: /home/rubenb/uni/5_ano/1cuatri/sistemas_distribuidos/practicas/p4/Ruben_Bautista/ros_ws/install/sdc_p4/share/sdc_p4/cmake/ament_cmake_export_libraries-extras.cmake
[22.881s] -- Up-to-date symlink: /home/rubenb/uni/5_ano/1cuatri/sistemas_distribuidos/practicas/p4/Ruben_Bautista/ros_ws/install/sdc_p4/share/sdc_p4/cmake/sdc_p4Config.cmake
[22.881s] -- Up-to-date symlink: /home/rubenb/uni/5_ano/1cuatri/sistemas_distribuidos/practicas/p4/Ruben_Bautista/ros_ws/install/sdc_p4/share/sdc_p4/cmake/sdc_p4Config-version.cmake
[22.881s] -- Up-to-date symlink: /home/rubenb/uni/5_ano/1cuatri/sistemas_distribuidos/practicas/p4/Ruben_Bautista/ros_ws/install/sdc_p4/share/sdc_p4/package.xml
[22.885s] Invoked command in '/home/rubenb/uni/5_ano/1cuatri/sistemas_distribuidos/practicas/p4/Ruben_Bautista/ros_ws/build/sdc_p4' returned '0': CMAKE_PREFIX_PATH=${CMAKE_PREFIX_PATH}:/opt/ros/rolling DEBUGINFOD_URLS=https://debuginfod.ubuntu.com /usr/bin/cmake --install /home/rubenb/uni/5_ano/1cuatri/sistemas_distribuidos/practicas/p4/Ruben_Bautista/ros_ws/build/sdc_p4
