[0.034s] Invoking command in '/home/rubenb/uni/5_ano/1cuatri/sistemas_distribuidos/practicas/p4/Ruben_Bautista/ros_ws/build/sdc_p4': CMAKE_PREFIX_PATH=${CMAKE_PREFIX_PATH}:/opt/ros/rolling DEBUGINFOD_URLS=https://debuginfod.ubuntu.com /usr/bin/cmake --build /home/rubenb/uni/5_ano/1cuatri/sistemas_distribuidos/practicas/p4/Ruben_Bautista/ros_ws/build/sdc_p4 -- -j8 -l8
[0.174s] [ 50%] [32mBuilding CXX object CMakeFiles/bully.dir/src/bully.cpp.o[0m
[20.869s] [100%] [32m[1mLinking CXX executable bully[0m
[22.663s] [100%] Built target bully
[22.684s] Invoked command in '/home/rubenb/uni/5_ano/1cuatri/sistemas_distribuidos/practicas/p4/Ruben_Bautista/ros_ws/build/sdc_p4' returned '0': CMAKE_PREFIX_PATH=${CMAKE_PREFIX_PATH}:/opt/ros/rolling DEBUGINFOD_URLS=https://debuginfod.ubuntu.com /usr/bin/cmake --build /home/rubenb/uni/5_ano/1cuatri/sistemas_distribuidos/practicas/p4/Ruben_Bautista/ros_ws/build/sdc_p4 -- -j8 -l8
[22.704s] Invoking command in '/home/rubenb/uni/5_ano/1cuatri/sistemas_distribuidos/practicas/p4/Ruben_Bautista/ros_ws/build/sdc_p4': CMAKE_PREFIX_PATH=${CMAKE_PREFIX_PATH}:/opt/ros/rolling DEBUGINFOD_URLS=https://debuginfod.ubuntu.com /usr/bin/cmake --install /home/rubenb/uni/5_ano/1cuatri/sistemas_distribuidos/practicas/p4/Ruben_Bautista/ros_ws/build/sdc_p4
[22.721s] -- Install configuration: ""
[22.722s] -- Execute custom install script
[22.723s] -- Up-to-date symlink: /home/rubenb/uni/5_ano/1cuatri/sistemas_distribuidos/practicas/p4/Ruben_Bautista/ros_ws/install/sdc_p4/lib/sdc_p4/bully
[22.724s] -- Up-to-date symlink: /home/rubenb/uni/5_ano/1cuatri/sistemas_distribuidos/practicas/p4/Ruben_Bautista/ros_ws/install/sdc_p4/include//sdc_p4/bully.hpp
[22.724s] -- Up-to-date symlink: /home/rubenb/uni/5_ano/1cuatri/sistemas_distribuidos/practicas/p4/Ruben_Bautista/ros_ws/install/sdc_p4/share/sdc_p4/environment/library_path.sh
[22.725s] -- Up-to-date symlink: /home/rubenb/uni/5_ano/1cuatri/sistemas_distribuidos/practicas/p4/Ruben_Bautista/ros_ws/install/sdc_p4/share/sdc_p4/environment/library_path.dsv
[22.725s] -- Up-to-date symlink: /home/rubenb/uni/5_ano/1cuatri/sistemas_distribuidos/practicas/p4/Ruben_Bautista/ros_ws/install/sdc_p4/share/ament_index/resource_index/package_run_dependencies/sdc_p4
[22.726s] -- Up-to-date symlink: /home/rubenb/uni/5_ano/1cuatri/sistemas_distribuidos/practicas/p4/Ruben_Bautista/ros_ws/install/sdc_p4/share/ament_index/resource_index/parent_prefix_path/sdc_p4
[22.726s] -- Up-to-date symlink: /home/rubenb/uni/5_ano/1cuatri/sistemas_distribuidos/practicas/p4/Ruben_Bautista/ros_ws/install/sdc_p4/share/sdc_p4/environment/ament_prefix_path.sh
[22.727s] -- Up-to-date symlink: /home/rubenb/uni/5_ano/1cuatri/sistemas_distribuidos/practicas/p4/Ruben_Bautista/ros_ws/install/sdc_p4/share/sdc_p4/environment/ament_prefix_path.dsv
[22.727s] -- Up-to-date symlink: /home/rubenb/uni/5_ano/1cuatri/sistemas_distribuidos/practicas/p4/Ruben_Bautista/ros_ws/install/sdc_p4/share/sdc_p4/environment/path.sh
[22.728s] -- Up-to-date symlink: /home/rubenb/uni/5_ano/1cuatri/sistemas_distribuidos/practicas/p4/Ruben_Bautista/ros_ws/install/sdc_p4/share/sdc_p4/environment/path.dsv
[22.728s] -- Up-to-date symlink: /home/rubenb/uni/5_ano/1cuatri/sistemas_distribuidos/practicas/p4/Ruben_Bautista/ros_ws/install/sdc_p4/share/sdc_p4/local_setup.bash
[22.729s] -- Up-to-date symlink: /home/rubenb/uni/5_ano/1cuatri/sistemas_distribuidos/practicas/p4/Ruben_Bautista/ros_ws/install/sdc_p4/share/sdc_p4/local_setup.sh
[22.729s] -- Up-to-date symlink: /home/rubenb/uni/5_ano/1cuatri/sistemas_distribuidos/practicas/p4/Ruben_Bautista/ros_ws/install/sdc_p4/share/sdc_p4/local_setup.zsh
[22.730s] -- Up-to-date symlink: /home/rubenb/uni/5_ano/1cuatri/sistemas_distribuidos/practicas/p4/Ruben_Bautista/ros_ws/install/sdc_p4/share/sdc_p4/local_setup.dsv
[22.730s] -- Symlinking: /home/rubenb/uni/5_ano/1cuatri/sistemas_distribuidos/practicas/p4/Ruben_Bautista/ros_ws/install/sdc_p4/share/sdc_p4/package.dsv
[22.749s] -- Up-to-date symlink: /home/rubenb/uni/5_ano/1cuatri/sistemas_distribuidos/practicas/p4/Ruben_Bautista/ros_ws/install/sdc_p4/share/ament_index/resource_index/packages/sdc_p4
[22.749s] -- Up-to-date symlink: /home/rubenb/uni/5_ano/1cuatri/sistemas_distribuidos/practicas/p4/Ruben_Bautista/ros_ws/install/sdc_p4/share/sdc_p4/cmake/ament_cmake_export_dependencies-extras.cmake
[22.749s] -- Up-to-date symlink: /home/rubenb/uni/5_ano/1cuatri/sistemas_distribuidos/practicas/p4/Ruben_Bautista/ros_ws/install/sdc_p4/share/sdc_p4/cmake/ament_cmake_export_include_directories-extras.cmake
[22.750s] -- Up-to-date symlink: /home/rubenb/uni/5_ano/1cuatri/sistemas_distribuidos/practicas/p4/Ruben_Bautista/ros_ws/install/sdc_p4/share/sdc_p4/cmake/ament_cmake_export_libraries-extras.cmake
[22.750s] -- Up-to-date symlink: /home/rubenb/uni/5_ano/1cuatri/sistemas_distribuidos/practicas/p4/Ruben_Bautista/ros_ws/install/sdc_p4/share/sdc_p4/cmake/sdc_p4Config.cmake
[22.751s] -- Up-to-date symlink: /home/rubenb/uni/5_ano/1cuatri/sistemas_distribuidos/practicas/p4/Ruben_Bautista/ros_ws/install/sdc_p4/share/sdc_p4/cmake/sdc_p4Config-version.cmake
[22.751s] -- Up-to-date symlink: /home/rubenb/uni/5_ano/1cuatri/sistemas_distribuidos/practicas/p4/Ruben_Bautista/ros_ws/install/sdc_p4/share/sdc_p4/package.xml
[22.755s] Invoked command in '/home/rubenb/uni/5_ano/1cuatri/sistemas_distribuidos/practicas/p4/Ruben_Bautista/ros_ws/build/sdc_p4' returned '0': CMAKE_PREFIX_PATH=${CMAKE_PREFIX_PATH}:/opt/ros/rolling DEBUGINFOD_URLS=https://debuginfod.ubuntu.com /usr/bin/cmake --install /home/rubenb/uni/5_ano/1cuatri/sistemas_distribuidos/practicas/p4/Ruben_Bautista/ros_ws/build/sdc_p4
