[0.408s] DEBUG:colcon:Command line arguments: ['/usr/bin/colcon', 'build', '--symlink-install']
[0.408s] DEBUG:colcon:Parsed command line arguments: Namespace(log_base=None, log_level=None, verb_name='build', build_base='build', install_base='install', merge_install=False, symlink_install=True, test_result_base=None, continue_on_error=False, executor='parallel', parallel_workers=8, event_handlers=None, ignore_user_meta=False, metas=['./colcon.meta'], base_paths=['.'], packages_ignore=None, packages_ignore_regex=None, paths=None, packages_up_to=None, packages_up_to_regex=None, packages_above=None, packages_above_and_dependencies=None, packages_above_depth=None, packages_select_by_dep=None, packages_skip_by_dep=None, packages_skip_up_to=None, packages_select_build_failed=False, packages_skip_build_finished=False, packages_select_test_failures=False, packages_skip_test_passed=False, packages_select=None, packages_skip=None, packages_select_regex=None, packages_skip_regex=None, packages_start=None, packages_end=None, allow_overriding=[], cmake_args=None, cmake_target=None, cmake_target_skip_unavailable=False, cmake_clean_cache=False, cmake_clean_first=False, cmake_force_configure=False, ament_cmake_args=None, catkin_cmake_args=None, catkin_skip_building_tests=False, mixin_files=None, mixin=None, verb_parser=<colcon_mixin.mixin.mixin_argument.MixinArgumentDecorator object at 0x71fc2bdce9f0>, verb_extension=<colcon_core.verb.build.BuildVerb object at 0x71fc2bd7d0a0>, main=<bound method BuildVerb.main of <colcon_core.verb.build.BuildVerb object at 0x71fc2bd7d0a0>>, mixin_verb=('build',))
[0.498s] Level 1:colcon.colcon_core.package_discovery:discover_packages(colcon_meta) check parameters
[0.498s] Level 1:colcon.colcon_core.package_discovery:discover_packages(recursive) check parameters
[0.498s] Level 1:colcon.colcon_core.package_discovery:discover_packages(ignore) check parameters
[0.498s] Level 1:colcon.colcon_core.package_discovery:discover_packages(path) check parameters
[0.499s] Level 1:colcon.colcon_core.package_discovery:discover_packages(colcon_meta) discover
[0.499s] Level 1:colcon.colcon_core.package_discovery:discover_packages(recursive) discover
[0.499s] INFO:colcon.colcon_core.package_discovery:Crawling recursively for packages in '/home/rubenb/uni/5_ano/1cuatri/sistemas_distribuidos/practicas/p4/Ruben_Bautista/ros_ws'
[0.499s] Level 1:colcon.colcon_core.package_identification:_identify(.) by extensions ['ignore', 'ignore_ament_install']
[0.499s] Level 1:colcon.colcon_core.package_identification:_identify(.) by extension 'ignore'
[0.500s] Level 1:colcon.colcon_core.package_identification:_identify(.) by extension 'ignore_ament_install'
[0.500s] Level 1:colcon.colcon_core.package_identification:_identify(.) by extensions ['colcon_pkg']
[0.500s] Level 1:colcon.colcon_core.package_identification:_identify(.) by extension 'colcon_pkg'
[0.500s] Level 1:colcon.colcon_core.package_identification:_identify(.) by extensions ['colcon_meta']
[0.500s] Level 1:colcon.colcon_core.package_identification:_identify(.) by extension 'colcon_meta'
[0.500s] Level 1:colcon.colcon_core.package_identification:_identify(.) by extensions ['ros']
[0.500s] Level 1:colcon.colcon_core.package_identification:_identify(.) by extension 'ros'
[0.556s] Level 1:colcon.colcon_core.package_identification:_identify(.) by extensions ['cmake', 'python']
[0.557s] Level 1:colcon.colcon_core.package_identification:_identify(.) by extension 'cmake'
[0.557s] Level 1:colcon.colcon_core.package_identification:_identify(.) by extension 'python'
[0.557s] Level 1:colcon.colcon_core.package_identification:_identify(.) by extensions ['python_setup_py']
[0.557s] Level 1:colcon.colcon_core.package_identification:_identify(.) by extension 'python_setup_py'
[0.557s] Level 1:colcon.colcon_core.package_identification:_identify(build) by extensions ['ignore', 'ignore_ament_install']
[0.558s] Level 1:colcon.colcon_core.package_identification:_identify(build) by extension 'ignore'
[0.558s] Level 1:colcon.colcon_core.package_identification:_identify(build) ignored
[0.558s] Level 1:colcon.colcon_core.package_identification:_identify(install) by extensions ['ignore', 'ignore_ament_install']
[0.559s] Level 1:colcon.colcon_core.package_identification:_identify(install) by extension 'ignore'
[0.559s] Level 1:colcon.colcon_core.package_identification:_identify(install) ignored
[0.559s] Level 1:colcon.colcon_core.package_identification:_identify(log) by extensions ['ignore', 'ignore_ament_install']
[0.559s] Level 1:colcon.colcon_core.package_identification:_identify(log) by extension 'ignore'
[0.559s] Level 1:colcon.colcon_core.package_identification:_identify(log) ignored
[0.560s] Level 1:colcon.colcon_core.package_identification:_identify(src) by extensions ['ignore', 'ignore_ament_install']
[0.560s] Level 1:colcon.colcon_core.package_identification:_identify(src) by extension 'ignore'
[0.560s] Level 1:colcon.colcon_core.package_identification:_identify(src) by extension 'ignore_ament_install'
[0.560s] Level 1:colcon.colcon_core.package_identification:_identify(src) by extensions ['colcon_pkg']
[0.560s] Level 1:colcon.colcon_core.package_identification:_identify(src) by extension 'colcon_pkg'
[0.560s] Level 1:colcon.colcon_core.package_identification:_identify(src) by extensions ['colcon_meta']
[0.560s] Level 1:colcon.colcon_core.package_identification:_identify(src) by extension 'colcon_meta'
[0.561s] Level 1:colcon.colcon_core.package_identification:_identify(src) by extensions ['ros']
[0.561s] Level 1:colcon.colcon_core.package_identification:_identify(src) by extension 'ros'
[0.561s] Level 1:colcon.colcon_core.package_identification:_identify(src) by extensions ['cmake', 'python']
[0.561s] Level 1:colcon.colcon_core.package_identification:_identify(src) by extension 'cmake'
[0.561s] Level 1:colcon.colcon_core.package_identification:_identify(src) by extension 'python'
[0.561s] Level 1:colcon.colcon_core.package_identification:_identify(src) by extensions ['python_setup_py']
[0.561s] Level 1:colcon.colcon_core.package_identification:_identify(src) by extension 'python_setup_py'
[0.562s] Level 1:colcon.colcon_core.package_identification:_identify(src/sdc_p4) by extensions ['ignore', 'ignore_ament_install']
[0.562s] Level 1:colcon.colcon_core.package_identification:_identify(src/sdc_p4) by extension 'ignore'
[0.562s] Level 1:colcon.colcon_core.package_identification:_identify(src/sdc_p4) by extension 'ignore_ament_install'
[0.562s] Level 1:colcon.colcon_core.package_identification:_identify(src/sdc_p4) by extensions ['colcon_pkg']
[0.562s] Level 1:colcon.colcon_core.package_identification:_identify(src/sdc_p4) by extension 'colcon_pkg'
[0.562s] Level 1:colcon.colcon_core.package_identification:_identify(src/sdc_p4) by extensions ['colcon_meta']
[0.562s] Level 1:colcon.colcon_core.package_identification:_identify(src/sdc_p4) by extension 'colcon_meta'
[0.562s] Level 1:colcon.colcon_core.package_identification:_identify(src/sdc_p4) by extensions ['ros']
[0.563s] Level 1:colcon.colcon_core.package_identification:_identify(src/sdc_p4) by extension 'ros'
[0.569s] DEBUG:colcon.colcon_core.package_identification:Package 'src/sdc_p4' with type 'ros.ament_cmake' and name 'sdc_p4'
[0.569s] Level 1:colcon.colcon_core.package_discovery:discover_packages(recursive) using defaults
[0.569s] Level 1:colcon.colcon_core.package_discovery:discover_packages(ignore) discover
[0.569s] Level 1:colcon.colcon_core.package_discovery:discover_packages(ignore) using defaults
[0.570s] Level 1:colcon.colcon_core.package_discovery:discover_packages(path) discover
[0.570s] Level 1:colcon.colcon_core.package_discovery:discover_packages(path) using defaults
[0.614s] Level 1:colcon.colcon_core.package_discovery:discover_packages(prefix_path) check parameters
[0.614s] Level 1:colcon.colcon_core.package_discovery:discover_packages(prefix_path) discover
[0.621s] DEBUG:colcon.colcon_installed_package_information.package_discovery:Found 1 installed packages in /home/rubenb/uni/5_ano/1cuatri/sistemas_distribuidos/practicas/p4/Ruben_Bautista/ros_ws/install
[0.624s] DEBUG:colcon.colcon_installed_package_information.package_discovery:Found 349 installed packages in /opt/ros/rolling
[0.627s] Level 1:colcon.colcon_core.package_discovery:discover_packages(prefix_path) using defaults
[0.733s] Level 5:colcon.colcon_core.verb:set package 'sdc_p4' build argument 'cmake_args' from command line to 'None'
[0.733s] Level 5:colcon.colcon_core.verb:set package 'sdc_p4' build argument 'cmake_target' from command line to 'None'
[0.733s] Level 5:colcon.colcon_core.verb:set package 'sdc_p4' build argument 'cmake_target_skip_unavailable' from command line to 'False'
[0.733s] Level 5:colcon.colcon_core.verb:set package 'sdc_p4' build argument 'cmake_clean_cache' from command line to 'False'
[0.734s] Level 5:colcon.colcon_core.verb:set package 'sdc_p4' build argument 'cmake_clean_first' from command line to 'False'
[0.734s] Level 5:colcon.colcon_core.verb:set package 'sdc_p4' build argument 'cmake_force_configure' from command line to 'False'
[0.734s] Level 5:colcon.colcon_core.verb:set package 'sdc_p4' build argument 'ament_cmake_args' from command line to 'None'
[0.734s] Level 5:colcon.colcon_core.verb:set package 'sdc_p4' build argument 'catkin_cmake_args' from command line to 'None'
[0.734s] Level 5:colcon.colcon_core.verb:set package 'sdc_p4' build argument 'catkin_skip_building_tests' from command line to 'False'
[0.734s] DEBUG:colcon.colcon_core.verb:Building package 'sdc_p4' with the following arguments: {'ament_cmake_args': None, 'build_base': '/home/rubenb/uni/5_ano/1cuatri/sistemas_distribuidos/practicas/p4/Ruben_Bautista/ros_ws/build/sdc_p4', 'catkin_cmake_args': None, 'catkin_skip_building_tests': False, 'cmake_args': None, 'cmake_clean_cache': False, 'cmake_clean_first': False, 'cmake_force_configure': False, 'cmake_target': None, 'cmake_target_skip_unavailable': False, 'install_base': '/home/rubenb/uni/5_ano/1cuatri/sistemas_distribuidos/practicas/p4/Ruben_Bautista/ros_ws/install/sdc_p4', 'merge_install': False, 'path': '/home/rubenb/uni/5_ano/1cuatri/sistemas_distribuidos/practicas/p4/Ruben_Bautista/ros_ws/src/sdc_p4', 'symlink_install': True, 'test_result_base': None}
[0.734s] INFO:colcon.colcon_core.executor:Executing jobs using 'parallel' executor
[0.736s] DEBUG:colcon.colcon_parallel_executor.executor.parallel:run_until_complete
[0.737s] INFO:colcon.colcon_ros.task.ament_cmake.build:Building ROS package in '/home/rubenb/uni/5_ano/1cuatri/sistemas_distribuidos/practicas/p4/Ruben_Bautista/ros_ws/src/sdc_p4' with build type 'ament_cmake'
[0.737s] INFO:colcon.colcon_cmake.task.cmake.build:Building CMake package in '/home/rubenb/uni/5_ano/1cuatri/sistemas_distribuidos/practicas/p4/Ruben_Bautista/ros_ws/src/sdc_p4'
[0.750s] INFO:colcon.colcon_core.plugin_system:Skipping extension 'colcon_core.shell.bat': Not used on non-Windows systems
[0.750s] INFO:colcon.colcon_core.shell:Skip shell extension 'powershell' for command environment: Not usable outside of PowerShell
[0.750s] DEBUG:colcon.colcon_core.shell:Skip shell extension 'dsv' for command environment
[0.772s] DEBUG:colcon.colcon_core.event_handler.log_command:Invoking command in '/home/rubenb/uni/5_ano/1cuatri/sistemas_distribuidos/practicas/p4/Ruben_Bautista/ros_ws/build/sdc_p4': CMAKE_PREFIX_PATH=${CMAKE_PREFIX_PATH}:/opt/ros/rolling DEBUGINFOD_URLS=https://debuginfod.ubuntu.com /usr/bin/cmake --build /home/rubenb/uni/5_ano/1cuatri/sistemas_distribuidos/practicas/p4/Ruben_Bautista/ros_ws/build/sdc_p4 -- -j8 -l8
[23.467s] DEBUG:colcon.colcon_core.event_handler.log_command:Invoked command in '/home/rubenb/uni/5_ano/1cuatri/sistemas_distribuidos/practicas/p4/Ruben_Bautista/ros_ws/build/sdc_p4' returned '0': CMAKE_PREFIX_PATH=${CMAKE_PREFIX_PATH}:/opt/ros/rolling DEBUGINFOD_URLS=https://debuginfod.ubuntu.com /usr/bin/cmake --build /home/rubenb/uni/5_ano/1cuatri/sistemas_distribuidos/practicas/p4/Ruben_Bautista/ros_ws/build/sdc_p4 -- -j8 -l8
[23.486s] DEBUG:colcon.colcon_core.event_handler.log_command:Invoking command in '/home/rubenb/uni/5_ano/1cuatri/sistemas_distribuidos/practicas/p4/Ruben_Bautista/ros_ws/build/sdc_p4': CMAKE_PREFIX_PATH=${CMAKE_PREFIX_PATH}:/opt/ros/rolling DEBUGINFOD_URLS=https://debuginfod.ubuntu.com /usr/bin/cmake --install /home/rubenb/uni/5_ano/1cuatri/sistemas_distribuidos/practicas/p4/Ruben_Bautista/ros_ws/build/sdc_p4
[23.531s] Level 1:colcon.colcon_core.environment:create_environment_scripts_only(sdc_p4)
[23.532s] DEBUG:colcon.colcon_core.event_handler.log_command:Invoked command in '/home/rubenb/uni/5_ano/1cuatri/sistemas_distribuidos/practicas/p4/Ruben_Bautista/ros_ws/build/sdc_p4' returned '0': CMAKE_PREFIX_PATH=${CMAKE_PREFIX_PATH}:/opt/ros/rolling DEBUGINFOD_URLS=https://debuginfod.ubuntu.com /usr/bin/cmake --install /home/rubenb/uni/5_ano/1cuatri/sistemas_distribuidos/practicas/p4/Ruben_Bautista/ros_ws/build/sdc_p4
[23.541s] Level 1:colcon.colcon_core.environment:checking '/home/rubenb/uni/5_ano/1cuatri/sistemas_distribuidos/practicas/p4/Ruben_Bautista/ros_ws/install/sdc_p4' for CMake module files
[23.543s] Level 1:colcon.colcon_core.environment:checking '/home/rubenb/uni/5_ano/1cuatri/sistemas_distribuidos/practicas/p4/Ruben_Bautista/ros_ws/install/sdc_p4' for CMake config files
[23.544s] Level 1:colcon.colcon_core.shell:create_environment_hook('sdc_p4', 'cmake_prefix_path')
[23.544s] INFO:colcon.colcon_core.shell:Creating environment hook '/home/rubenb/uni/5_ano/1cuatri/sistemas_distribuidos/practicas/p4/Ruben_Bautista/ros_ws/install/sdc_p4/share/sdc_p4/hook/cmake_prefix_path.ps1'
[23.545s] INFO:colcon.colcon_core.shell:Creating environment descriptor '/home/rubenb/uni/5_ano/1cuatri/sistemas_distribuidos/practicas/p4/Ruben_Bautista/ros_ws/install/sdc_p4/share/sdc_p4/hook/cmake_prefix_path.dsv'
[23.546s] INFO:colcon.colcon_core.shell:Creating environment hook '/home/rubenb/uni/5_ano/1cuatri/sistemas_distribuidos/practicas/p4/Ruben_Bautista/ros_ws/install/sdc_p4/share/sdc_p4/hook/cmake_prefix_path.sh'
[23.548s] Level 1:colcon.colcon_core.environment:checking '/home/rubenb/uni/5_ano/1cuatri/sistemas_distribuidos/practicas/p4/Ruben_Bautista/ros_ws/install/sdc_p4/lib'
[23.549s] Level 1:colcon.colcon_core.environment:checking '/home/rubenb/uni/5_ano/1cuatri/sistemas_distribuidos/practicas/p4/Ruben_Bautista/ros_ws/install/sdc_p4/bin'
[23.549s] Level 1:colcon.colcon_core.environment:checking '/home/rubenb/uni/5_ano/1cuatri/sistemas_distribuidos/practicas/p4/Ruben_Bautista/ros_ws/install/sdc_p4/lib/pkgconfig/sdc_p4.pc'
[23.550s] Level 1:colcon.colcon_core.environment:checking '/home/rubenb/uni/5_ano/1cuatri/sistemas_distribuidos/practicas/p4/Ruben_Bautista/ros_ws/install/sdc_p4/lib/python3.12/site-packages'
[23.550s] Level 1:colcon.colcon_core.environment:checking '/home/rubenb/uni/5_ano/1cuatri/sistemas_distribuidos/practicas/p4/Ruben_Bautista/ros_ws/install/sdc_p4/bin'
[23.551s] INFO:colcon.colcon_core.shell:Creating package script '/home/rubenb/uni/5_ano/1cuatri/sistemas_distribuidos/practicas/p4/Ruben_Bautista/ros_ws/install/sdc_p4/share/sdc_p4/package.ps1'
[23.552s] INFO:colcon.colcon_core.shell:Creating package descriptor '/home/rubenb/uni/5_ano/1cuatri/sistemas_distribuidos/practicas/p4/Ruben_Bautista/ros_ws/install/sdc_p4/share/sdc_p4/package.dsv'
[23.553s] INFO:colcon.colcon_core.shell:Creating package script '/home/rubenb/uni/5_ano/1cuatri/sistemas_distribuidos/practicas/p4/Ruben_Bautista/ros_ws/install/sdc_p4/share/sdc_p4/package.sh'
[23.554s] INFO:colcon.colcon_core.shell:Creating package script '/home/rubenb/uni/5_ano/1cuatri/sistemas_distribuidos/practicas/p4/Ruben_Bautista/ros_ws/install/sdc_p4/share/sdc_p4/package.bash'
[23.555s] INFO:colcon.colcon_core.shell:Creating package script '/home/rubenb/uni/5_ano/1cuatri/sistemas_distribuidos/practicas/p4/Ruben_Bautista/ros_ws/install/sdc_p4/share/sdc_p4/package.zsh'
[23.556s] Level 1:colcon.colcon_core.environment:create_file_with_runtime_dependencies(/home/rubenb/uni/5_ano/1cuatri/sistemas_distribuidos/practicas/p4/Ruben_Bautista/ros_ws/install/sdc_p4/share/colcon-core/packages/sdc_p4)
[23.557s] Level 1:colcon.colcon_core.environment:create_environment_scripts_only(sdc_p4)
[23.558s] Level 1:colcon.colcon_core.environment:checking '/home/rubenb/uni/5_ano/1cuatri/sistemas_distribuidos/practicas/p4/Ruben_Bautista/ros_ws/install/sdc_p4' for CMake module files
[23.559s] Level 1:colcon.colcon_core.environment:checking '/home/rubenb/uni/5_ano/1cuatri/sistemas_distribuidos/practicas/p4/Ruben_Bautista/ros_ws/install/sdc_p4' for CMake config files
[23.560s] Level 1:colcon.colcon_core.shell:create_environment_hook('sdc_p4', 'cmake_prefix_path')
[23.560s] INFO:colcon.colcon_core.shell:Creating environment hook '/home/rubenb/uni/5_ano/1cuatri/sistemas_distribuidos/practicas/p4/Ruben_Bautista/ros_ws/install/sdc_p4/share/sdc_p4/hook/cmake_prefix_path.ps1'
[23.561s] INFO:colcon.colcon_core.shell:Creating environment descriptor '/home/rubenb/uni/5_ano/1cuatri/sistemas_distribuidos/practicas/p4/Ruben_Bautista/ros_ws/install/sdc_p4/share/sdc_p4/hook/cmake_prefix_path.dsv'
[23.562s] INFO:colcon.colcon_core.shell:Creating environment hook '/home/rubenb/uni/5_ano/1cuatri/sistemas_distribuidos/practicas/p4/Ruben_Bautista/ros_ws/install/sdc_p4/share/sdc_p4/hook/cmake_prefix_path.sh'
[23.563s] Level 1:colcon.colcon_core.environment:checking '/home/rubenb/uni/5_ano/1cuatri/sistemas_distribuidos/practicas/p4/Ruben_Bautista/ros_ws/install/sdc_p4/lib'
[23.563s] Level 1:colcon.colcon_core.environment:checking '/home/rubenb/uni/5_ano/1cuatri/sistemas_distribuidos/practicas/p4/Ruben_Bautista/ros_ws/install/sdc_p4/bin'
[23.563s] Level 1:colcon.colcon_core.environment:checking '/home/rubenb/uni/5_ano/1cuatri/sistemas_distribuidos/practicas/p4/Ruben_Bautista/ros_ws/install/sdc_p4/lib/pkgconfig/sdc_p4.pc'
[23.564s] Level 1:colcon.colcon_core.environment:checking '/home/rubenb/uni/5_ano/1cuatri/sistemas_distribuidos/practicas/p4/Ruben_Bautista/ros_ws/install/sdc_p4/lib/python3.12/site-packages'
[23.564s] Level 1:colcon.colcon_core.environment:checking '/home/rubenb/uni/5_ano/1cuatri/sistemas_distribuidos/practicas/p4/Ruben_Bautista/ros_ws/install/sdc_p4/bin'
[23.565s] INFO:colcon.colcon_core.shell:Creating package script '/home/rubenb/uni/5_ano/1cuatri/sistemas_distribuidos/practicas/p4/Ruben_Bautista/ros_ws/install/sdc_p4/share/sdc_p4/package.ps1'
[23.566s] INFO:colcon.colcon_core.shell:Creating package descriptor '/home/rubenb/uni/5_ano/1cuatri/sistemas_distribuidos/practicas/p4/Ruben_Bautista/ros_ws/install/sdc_p4/share/sdc_p4/package.dsv'
[23.567s] INFO:colcon.colcon_core.shell:Creating package script '/home/rubenb/uni/5_ano/1cuatri/sistemas_distribuidos/practicas/p4/Ruben_Bautista/ros_ws/install/sdc_p4/share/sdc_p4/package.sh'
[23.568s] INFO:colcon.colcon_core.shell:Creating package script '/home/rubenb/uni/5_ano/1cuatri/sistemas_distribuidos/practicas/p4/Ruben_Bautista/ros_ws/install/sdc_p4/share/sdc_p4/package.bash'
[23.569s] INFO:colcon.colcon_core.shell:Creating package script '/home/rubenb/uni/5_ano/1cuatri/sistemas_distribuidos/practicas/p4/Ruben_Bautista/ros_ws/install/sdc_p4/share/sdc_p4/package.zsh'
[23.569s] Level 1:colcon.colcon_core.environment:create_file_with_runtime_dependencies(/home/rubenb/uni/5_ano/1cuatri/sistemas_distribuidos/practicas/p4/Ruben_Bautista/ros_ws/install/sdc_p4/share/colcon-core/packages/sdc_p4)
[23.570s] DEBUG:colcon.colcon_parallel_executor.executor.parallel:closing loop
[23.570s] DEBUG:colcon.colcon_parallel_executor.executor.parallel:loop closed
[23.571s] DEBUG:colcon.colcon_parallel_executor.executor.parallel:run_until_complete finished with '0'
[23.571s] DEBUG:colcon.colcon_core.event_reactor:joining thread
[23.586s] INFO:colcon.colcon_core.plugin_system:Skipping extension 'colcon_notification.desktop_notification.terminal_notifier': Not used on non-Darwin systems
[23.586s] INFO:colcon.colcon_core.plugin_system:Skipping extension 'colcon_notification.desktop_notification.win32': Not used on non-Windows systems
[23.586s] INFO:colcon.colcon_notification.desktop_notification:Sending desktop notification using 'notify2'
[23.612s] DEBUG:colcon.colcon_core.event_reactor:joined thread
[23.612s] INFO:colcon.colcon_core.shell:Creating prefix script '/home/rubenb/uni/5_ano/1cuatri/sistemas_distribuidos/practicas/p4/Ruben_Bautista/ros_ws/install/local_setup.ps1'
[23.614s] INFO:colcon.colcon_core.shell:Creating prefix util module '/home/rubenb/uni/5_ano/1cuatri/sistemas_distribuidos/practicas/p4/Ruben_Bautista/ros_ws/install/_local_setup_util_ps1.py'
[23.616s] INFO:colcon.colcon_core.shell:Creating prefix chain script '/home/rubenb/uni/5_ano/1cuatri/sistemas_distribuidos/practicas/p4/Ruben_Bautista/ros_ws/install/setup.ps1'
[23.618s] INFO:colcon.colcon_core.shell:Creating prefix script '/home/rubenb/uni/5_ano/1cuatri/sistemas_distribuidos/practicas/p4/Ruben_Bautista/ros_ws/install/local_setup.sh'
[23.619s] INFO:colcon.colcon_core.shell:Creating prefix util module '/home/rubenb/uni/5_ano/1cuatri/sistemas_distribuidos/practicas/p4/Ruben_Bautista/ros_ws/install/_local_setup_util_sh.py'
[23.620s] INFO:colcon.colcon_core.shell:Creating prefix chain script '/home/rubenb/uni/5_ano/1cuatri/sistemas_distribuidos/practicas/p4/Ruben_Bautista/ros_ws/install/setup.sh'
[23.621s] INFO:colcon.colcon_core.shell:Creating prefix script '/home/rubenb/uni/5_ano/1cuatri/sistemas_distribuidos/practicas/p4/Ruben_Bautista/ros_ws/install/local_setup.bash'
[23.622s] INFO:colcon.colcon_core.shell:Creating prefix chain script '/home/rubenb/uni/5_ano/1cuatri/sistemas_distribuidos/practicas/p4/Ruben_Bautista/ros_ws/install/setup.bash'
[23.624s] INFO:colcon.colcon_core.shell:Creating prefix script '/home/rubenb/uni/5_ano/1cuatri/sistemas_distribuidos/practicas/p4/Ruben_Bautista/ros_ws/install/local_setup.zsh'
[23.624s] INFO:colcon.colcon_core.shell:Creating prefix chain script '/home/rubenb/uni/5_ano/1cuatri/sistemas_distribuidos/practicas/p4/Ruben_Bautista/ros_ws/install/setup.zsh'
